Result Log

World File: worlds/trial3.wrld
Solution File for Pac-Man: solutions/trial3PacMan.sol
Solution File for Ghost: solutions/trial3Ghost.sol
Pill Density: 50
Random Seed: 693891

Config Used:
{"runType": "Both", "mu": 100, "lambda": 475, "muGhost": 100, "lambdaGhost": 475, "pillDensity": 50, "fruitSpawnProb": 1, "fruitScore": 10, "timeMult": 2, "numOfRuns": 30, "numOfFitnessEvals": 2000, "parentSelect": "Over-Selection", "survivalSelect": "Truncation", "parentSelectGhost": "Over-Selection", "survivalSelectGhost": "Truncation", "dMax": 3, "parsimony": 5, "parsimonyGhost": 5, "overSelectionPercentage": 0.75, "nodeThreshold": 40, "fruitConst": 100, "logPath": "logs/trial3.log", "worldPath": "worlds/trial3.wrld", "solPath": "solutions/trial3PacMan.sol", "solPathGhost": "solutions/trial3Ghost.sol"}

Run 1
100	9.26	149
575	52.64	112
1050	65.74	149
1525	75.81	180
2000	74.78	169

Run 2
100	11.16	101
575	50.11	103
1050	65.15	155
1525	68.56	142
2000	68.36	123

Run 3
100	10.17	98
575	46.34	146
1050	63.98	165
1525	68.74	128
2000	70.52	168

Run 4
100	15.25	117
575	54.89	118
1050	66.67	125
1525	76.82	139
2000	82.76	157

Run 5
100	9.08	65
575	44.58	172
1050	71.09	122
1525	75.03	123
2000	71.24	155

Run 6
100	11.62	106
575	53.63	150
1050	68.95	158
1525	68.98	149
2000	68.51	171

Run 7
100	11.94	116
575	56.92	157
1050	68.92	129
1525	77.88	162
2000	69.89	184

Run 8
100	9.24	74
575	45.85	131
1050	63.2	129
1525	68.22	135
2000	68.73	122

Run 9
100	11.99	103
575	47.58	125
1050	62.66	146
1525	72.02	165
2000	77.56	151

Run 10
100	13.86	117
575	53.87	120
1050	60.42	169
1525	67.83	180
2000	70.88	156

Run 11
100	8.05	57
575	44.37	134
1050	57.94	176
1525	62.97	113
2000	68.02	167

Run 12
100	11.63	86
575	60.33	143
1050	61.06	108
1525	58.27	199
2000	65.03	127

Run 13
100	12.08	110
575	56.51	109
1050	67.37	114
1525	70.13	156
2000	74.76	179

Run 14
100	9.62	118
575	45.61	101
1050	57.33	138
1525	69.94	172
2000	71.08	200

Run 15
100	11.11	76
575	51.28	111
1050	67.31	135
1525	71.0	166
2000	75.64	182

Run 16
100	7.04	75
575	44.26	114
1050	52.16	122
1525	63.23	135
2000	62.51	136

Run 17
100	11.76	82
575	56.93	134
1050	71.78	127
1525	77.34	122
2000	77.88	138

Run 18
100	15.4	132
575	61.82	128
1050	79.32	143
1525	93.17	164
2000	84.58	170

Run 19
100	13.07	124
575	59.98	129
1050	73.84	121
1525	80.66	182
2000	85.39	159

Run 20
100	9.94	72
575	52.13	101
1050	59.23	128
1525	70.34	148
2000	76.56	181

Run 21
100	12.21	80
575	50.15	140
1050	60.05	121
1525	69.38	182
2000	71.25	154

Run 22
100	10.92	103
575	57.35	121
1050	62.39	130
1525	67.68	151
2000	59.81	153

Run 23
100	14.47	138
575	50.37	129
1050	65.93	151
1525	72.29	144
2000	77.89	148

Run 24
100	7.92	90
575	48.87	114
1050	59.08	104
1525	67.53	115
2000	65.74	128

Run 25
100	11.89	109
575	53.52	113
1050	65.12	118
1525	74.93	116
2000	72.05	124

Run 26
100	12.64	112
575	53.27	165
1050	64.03	159
1525	61.88	178
2000	69.86	168

Run 27
100	8.75	104
575	51.28	162
1050	60.65	131
1525	61.23	123
2000	65.35	135

Run 28
100	10.91	93
575	48.07	128
1050	62.09	145
1525	74.13	165
2000	75.12	131

Run 29
100	13.62	108
575	53.09	111
1050	60.45	173
1525	66.87	131
2000	68.15	157

Run 30
100	8.08	70
575	52.02	211
1050	65.08	131
1525	78.19	187
2000	88.01	192

