Result Log

World File: worlds/trial2.wrld
Solution File for Pac-Man: solutions/trial2PacMan.sol
Solution File for Ghost: solutions/trial2Ghost.sol
Pill Density: 50
Random Seed: 469065

Config Used:
{"runType": "Both", "mu": 100, "lambda": 250, "muGhost": 100, "lambdaGhost": 250, "pillDensity": 50, "fruitSpawnProb": 1, "fruitScore": 10, "timeMult": 2, "numOfRuns": 30, "numOfFitnessEvals": 2000, "parentSelect": "Over-Selection", "survivalSelect": "Truncation", "parentSelectGhost": "Over-Selection", "survivalSelectGhost": "Truncation", "dMax": 3, "parsimony": 5, "parsimonyGhost": 5, "overSelectionPercentage": 0.75, "nodeThreshold": 40, "fruitConst": 100, "logPath": "logs/trial2.log", "worldPath": "worlds/trial2.wrld", "solPath": "solutions/trial2PacMan.sol", "solPathGhost": "solutions/trial2Ghost.sol"}

Run 1
100	11.14	106
350	35.4	113
600	52.9	122
850	58.24	138
1100	56.46	117
1350	52.14	139
1600	59.07	138
1850	47.3	134
2100	50.9	128

Run 2
100	11.16	112
350	36.79	119
600	45.75	108
850	49.66	102
1100	46.48	128
1350	49.09	121
1600	46.59	145
1850	46.7	120
2100	47.32	153

Run 3
100	10.26	99
350	42.65	108
600	48.36	103
850	59.75	129
1100	58.4	134
1350	44.57	133
1600	44.52	109
1850	59.85	138
2100	58.09	152

Run 4
100	15.41	161
350	44.05	118
600	52.67	140
850	53.22	126
1100	52.74	183
1350	51.19	130
1600	50.65	119
1850	46.26	102
2100	44.61	113

Run 5
100	9.17	93
350	38.86	107
600	46.81	155
850	46.43	105
1100	45.24	104
1350	39.99	109
1600	36.28	136
1850	40.03	135
2100	38.97	136

Run 6
100	9.28	81
350	41.36	135
600	46.75	119
850	45.64	121
1100	50.85	122
1350	50.59	154
1600	51.88	129
1850	42.86	144
2100	46.06	145

Run 7
100	10.73	74
350	35.92	87
600	50.9	121
850	49.94	155
1100	61.19	142
1350	63.37	146
1600	63.22	141
1850	60.56	143
2100	49.09	135

Run 8
100	13.72	85
350	38.23	116
600	42.89	101
850	49.03	114
1100	55.54	117
1350	52.26	153
1600	52.89	181
1850	57.22	155
2100	51.22	129

Run 9
100	8.84	124
350	41.0	108
600	50.18	150
850	49.83	126
1100	50.09	158
1350	52.19	126
1600	51.25	149
1850	52.97	136
2100	46.5	137

Run 10
100	16.48	163
350	43.52	127
600	59.63	155
850	56.81	129
1100	53.35	187
1350	42.39	128
1600	39.51	155
1850	48.42	154
2100	42.46	163

Run 11
100	8.7	82
350	34.69	92
600	47.92	134
850	46.94	133
1100	40.73	104
1350	45.26	123
1600	40.98	108
1850	45.59	138
2100	36.01	131

Run 12
100	9.56	57
350	35.35	90
600	38.35	105
850	43.42	125
1100	45.1	176
1350	56.0	201
1600	50.63	192
1850	61.59	196
2100	57.38	197

Run 13
100	12.11	91
350	39.57	130
600	44.52	140
850	44.37	113
1100	48.99	139
1350	51.51	127
1600	57.11	170
1850	50.46	131
2100	49.96	176

Run 14
100	8.56	120
350	37.34	97
600	50.0	147
850	48.25	126
1100	49.79	125
1350	46.55	116
1600	44.01	116
1850	46.23	106
2100	37.79	102

Run 15
100	9.91	137
350	38.23	115
600	45.38	144
850	52.41	119
1100	59.43	127
1350	48.84	121
1600	53.3	129
1850	56.03	153
2100	51.59	138

Run 16
100	7.26	55
350	26.79	69
600	37.44	112
850	45.05	120
1100	45.55	114
1350	53.29	138
1600	46.78	107
1850	45.73	118
2100	46.0	126

Run 17
100	10.04	64
350	37.34	86
600	42.56	128
850	48.7	139
1100	52.03	148
1350	51.97	125
1600	56.91	169
1850	52.07	145
2100	51.96	184

Run 18
100	12.55	110
350	36.92	127
600	45.71	139
850	37.46	96
1100	37.83	113
1350	36.47	104
1600	40.27	111
1850	38.8	123
2100	43.39	127

Run 19
100	12.58	115
350	41.45	98
600	51.9	118
850	51.81	113
1100	47.64	118
1350	42.34	113
1600	44.25	123
1850	40.31	129
2100	40.53	122

Run 20
100	7.75	81
350	31.19	103
600	39.69	110
850	39.17	127
1100	46.97	124
1350	48.21	148
1600	45.47	137
1850	43.87	121
2100	37.42	146

Run 21
100	10.84	84
350	34.91	104
600	46.41	131
850	44.97	156
1100	45.1	108
1350	50.22	122
1600	47.87	100
1850	48.67	165
2100	54.62	121

Run 22
100	9.38	87
350	36.52	104
600	48.13	120
850	50.48	119
1100	55.71	108
1350	58.85	170
1600	52.46	134
1850	54.11	143
2100	52.57	191

Run 23
100	14.12	144
350	39.17	121
600	46.19	149
850	49.94	128
1100	48.33	156
1350	52.78	177
1600	52.17	127
1850	43.39	138
2100	44.95	174

Run 24
100	10.51	95
350	33.56	110
600	41.93	109
850	52.0	140
1100	51.25	137
1350	45.72	107
1600	51.97	155
1850	54.39	160
2100	51.33	155

Run 25
100	9.44	116
350	40.35	135
600	45.84	102
850	52.57	103
1100	48.81	138
1350	52.62	150
1600	49.82	128
1850	45.92	126
2100	49.81	149

Run 26
100	14.07	137
350	40.15	138
600	47.48	133
850	50.53	117
1100	45.17	125
1350	43.72	171
1600	47.35	106
1850	49.45	142
2100	45.84	136

Run 27
100	11.35	89
350	42.08	132
600	39.68	110
850	44.41	125
1100	45.27	114
1350	53.26	145
1600	49.87	127
1850	52.37	171
2100	49.93	118

Run 28
100	12.12	117
350	39.68	107
600	44.55	114
850	41.33	102
1100	44.94	121
1350	42.58	106
1600	47.47	114
1850	52.94	176
2100	58.7	127

Run 29
100	11.37	108
350	33.3	100
600	45.14	116
850	40.71	119
1100	41.59	179
1350	40.53	113
1600	46.04	119
1850	38.26	105
2100	41.2	117

Run 30
100	10.13	84
350	37.21	97
600	44.07	112
850	45.55	129
1100	47.77	119
1350	53.01	130
1600	49.09	117
1850	44.44	120
2100	41.63	129

